c:\uni\gp\spikes\07\zorkish\zorkish\debug\vc140.pdb
c:\uni\gp\spikes\07\zorkish\zorkish\debug\vc140.idb
c:\uni\gp\spikes\07\zorkish\zorkish\debug\aboutstate.obj
c:\uni\gp\spikes\07\zorkish\zorkish\debug\adventure.obj
c:\uni\gp\spikes\07\zorkish\zorkish\debug\adventures.obj
c:\uni\gp\spikes\07\zorkish\zorkish\debug\gameplaystate.obj
c:\uni\gp\spikes\07\zorkish\zorkish\debug\halloffamestate.obj
c:\uni\gp\spikes\07\zorkish\zorkish\debug\healthpotion.obj
c:\uni\gp\spikes\07\zorkish\zorkish\debug\helpstate.obj
c:\uni\gp\spikes\07\zorkish\zorkish\debug\inventory.obj
c:\uni\gp\spikes\07\zorkish\zorkish\debug\key.obj
c:\uni\gp\spikes\07\zorkish\zorkish\debug\main.obj
c:\uni\gp\spikes\07\zorkish\zorkish\debug\mainmenustate.obj
c:\uni\gp\spikes\07\zorkish\zorkish\debug\newhighscorestate.obj
c:\uni\gp\spikes\07\zorkish\zorkish\debug\player.obj
c:\uni\gp\spikes\07\zorkish\zorkish\debug\selectadventurestate.obj
c:\uni\gp\spikes\07\zorkish\zorkish\debug\statemanager.obj
c:\uni\gp\spikes\07\zorkish\zorkish\debug\sword.obj
c:\uni\gp\spikes\07\zorkish\debug\zorkish.ilk
c:\uni\gp\spikes\07\zorkish\debug\zorkish.exe
c:\uni\gp\spikes\07\zorkish\debug\zorkish.pdb
c:\uni\gp\spikes\07\zorkish\zorkish\debug\zorkish.tlog\cl.command.1.tlog
c:\uni\gp\spikes\07\zorkish\zorkish\debug\zorkish.tlog\cl.read.1.tlog
c:\uni\gp\spikes\07\zorkish\zorkish\debug\zorkish.tlog\cl.write.1.tlog
c:\uni\gp\spikes\07\zorkish\zorkish\debug\zorkish.tlog\link.command.1.tlog
c:\uni\gp\spikes\07\zorkish\zorkish\debug\zorkish.tlog\link.read.1.tlog
c:\uni\gp\spikes\07\zorkish\zorkish\debug\zorkish.tlog\link.write.1.tlog
